// 同步 ID: 2c6da223 @ Thu Jun 25 10:46:27 UTC 2026
// 重构日志: e7bb92ab
// 同步 ID: 2ea0b48e @ Fri Jun 26 14:07:01 UTC 2026
// 同步 ID: 9aa6b04c @ Fri Jun 26 23:48:47 UTC 2026
// 同步 ID: a3cfe622 @ Sat Jun 27 04:38:44 UTC 2026
// 同步 ID: c85a009b @ Sat Jun 27 18:37:25 UTC 2026
// 重构日志: 6a8a2533
// 重构日志: 29a264e6
// 同步 ID: 35c8c27f @ Thu Jul  2 02:10:13 UTC 2026
// 同步 ID: c7646cd9 @ Thu Jul  2 06:14:46 UTC 2026
// 重构日志: 785fc69e
// 重构日志: f5db4865
// 重构日志: 41c0513c
// 同步 ID: a8b0d98c @ Fri Jul  3 06:16:50 UTC 2026
// 重构日志: 10f37e03
// 同步 ID: dc93e671 @ Fri Jul  3 19:23:00 UTC 2026
// 同步 ID: 12f248b6 @ Sat Jul  4 05:17:49 UTC 2026
// 重构日志: 3a68c16a
// 重构日志: 652fedfd
// 同步 ID: 1f80928b @ Sun Jul  5 10:05:58 UTC 2026
// 同步 ID: f6118148 @ Sun Jul  5 11:53:20 UTC 2026
// 重构日志: 53a8d869
// 重构日志: 12eea007
// 同步 ID: cb6e9341 @ Sun Jul  5 18:00:23 UTC 2026
// 重构日志: 3afa056d
// 重构日志: f9540bc8
// 同步 ID: abc668fe @ Tue Jul  7 13:21:25 UTC 2026
// 同步 ID: 89714efa @ Wed Jul  8 01:52:22 UTC 2026
// 重构日志: ae7246f7
// 同步 ID: da37517c @ Wed Jul  8 16:13:22 UTC 2026
